2025-05-21 18:43:04,556 - src.requests - INFO - [get_registers] Succesffully fetched 77 records
2025-05-21 18:43:06,334 - src.requests - INFO - [get_registers] Succesffully fetched 77 records
2025-05-21 18:43:08,465 - src.requests - INFO - [get_registers] Succesffully fetched 77 records
2025-06-17 11:19:43,489 - __main__ - INFO - Starting the main script...
2025-06-17 11:19:43,490 - __main__ - INFO - Fetching all the registers
2025-06-17 11:19:45,106 - src.requests - INFO - [get_registers] Succesffully fetched 85 records
2025-06-17 11:19:45,106 - __main__ - INFO - Fetched all the registers
2025-06-17 11:19:45,106 - __main__ - INFO - Parsing all json data
2025-06-17 11:19:46,826 - src.json_parser - WARNING - [parse_internet_facing(Stolen Laptop Review)] Skipped Stolen Laptop Review due to name not being found
2025-06-17 11:19:56,070 - src.json_parser - WARNING - [parse_internet_facing(Azure AD)] Skipped Azure AD due to name not being found
2025-06-17 11:19:56,252 - src.json_parser - WARNING - [parse_internet_facing(Azure AD)] Skipped Azure AD due to name not being found
2025-06-17 11:20:01,528 - src.json_parser - WARNING - [parse_internet_facing(Citrix AAA - My Access)] Skipped Citrix AAA - My Access due to name not being found
2025-06-17 11:20:01,729 - src.json_parser - WARNING - [parse_internet_facing(Citrix AAA - My Access)] Skipped Citrix AAA - My Access due to name not being found
2025-06-17 11:20:01,933 - src.json_parser - WARNING - [parse_internet_facing(Citrix AAA - My Access)] Skipped Citrix AAA - My Access due to name not being found
2025-06-17 11:20:02,171 - src.json_parser - WARNING - [parse_internet_facing(Citrix AAA - My Access)] Skipped Citrix AAA - My Access due to name not being found
2025-06-17 11:20:04,399 - src.json_parser - WARNING - [parse_internet_facing(ADFA ID Card System)] Skipped ADFA ID Card System due to name not being found
2025-06-17 11:20:04,580 - src.json_parser - WARNING - [parse_internet_facing(ADFA ID Card System)] Skipped ADFA ID Card System due to name not being found
2025-06-17 11:20:08,043 - src.json_parser - WARNING - [parse_internet_facing(CSE Servers)] Skipped CSE Servers due to name not being found
2025-06-17 11:20:08,269 - src.json_parser - WARNING - [parse_internet_facing(CSE Servers )] Skipped CSE Servers  due to name not being found
2025-06-17 11:20:08,467 - src.json_parser - WARNING - [parse_internet_facing(CSE Servers )] Skipped CSE Servers  due to name not being found
2025-06-17 11:20:08,688 - src.json_parser - WARNING - [parse_internet_facing(CSE Servers )] Skipped CSE Servers  due to name not being found
2025-06-17 11:20:08,877 - src.json_parser - WARNING - [parse_internet_facing(CSE Servers )] Skipped CSE Servers  due to name not being found
2025-06-17 11:20:09,064 - src.json_parser - WARNING - [parse_internet_facing(CSE Servers )] Skipped CSE Servers  due to name not being found
2025-06-17 11:20:09,250 - src.json_parser - WARNING - [parse_internet_facing(CSE Servers)] Skipped CSE Servers due to name not being found
2025-06-17 11:20:09,541 - src.json_parser - WARNING - [parse_internet_facing(CSE Servers)] Skipped CSE Servers due to name not being found
2025-06-17 11:20:09,725 - src.json_parser - WARNING - [parse_internet_facing(CSE Servers)] Skipped CSE Servers due to name not being found
2025-06-17 11:20:09,914 - src.json_parser - WARNING - [parse_internet_facing(CSE Servers)] Skipped CSE Servers due to name not being found
2025-06-17 11:20:10,120 - src.json_parser - WARNING - [parse_internet_facing(CSE Servers)] Skipped CSE Servers due to name not being found
2025-06-17 11:20:10,220 - __main__ - INFO - Parsed all json data
2025-06-17 11:20:10,220 - __main__ - INFO - Making email templates and sending emails
2025-06-17 11:20:11,210 - __main__ - INFO - Finishing making email templates and sending emails
2025-06-17 11:20:11,211 - __main__ - INFO - Program finished
